<?xml version="1.0" encoding="UTF-8"?>
<testng-results ignored="0" total="1" passed="1" failed="0" skipped="0">
  <reporter-output>
  </reporter-output>
  <suite started-at="2021-12-12T22:55:02 IST" name="Default suite" finished-at="2021-12-12T22:55:02 IST" duration-ms="57">
    <groups>
    </groups>
    <test started-at="2021-12-12T22:55:02 IST" name="Default test" finished-at="2021-12-12T22:55:02 IST" duration-ms="57">
      <class name="tests.FirstTest2">
        <test-method signature="firstTestCase()[pri:0, instance:tests.FirstTest2@6ab778a]" started-at="2021-12-12T22:55:02 IST" name="firstTestCase" finished-at="2021-12-12T22:55:02 IST" duration-ms="11" status="PASS">
          <reporter-output>
          </reporter-output>
        </test-method> <!-- firstTestCase -->
      </class> <!-- tests.FirstTest2 -->
    </test> <!-- Default test -->
  </suite> <!-- Default suite -->
</testng-results>
