<?xml version="1.0" encoding="UTF-8"?>
<testng-results ignored="0" total="1" passed="1" failed="0" skipped="0">
  <reporter-output>
  </reporter-output>
  <suite started-at="2021-12-12T09:01:48 IST" name="Default suite" finished-at="2021-12-12T09:01:48 IST" duration-ms="121">
    <groups>
    </groups>
    <test started-at="2021-12-12T09:01:48 IST" name="Default test" finished-at="2021-12-12T09:01:48 IST" duration-ms="121">
      <class name="tests.FirstTest">
        <test-method signature="firstTestCase()[pri:0, instance:tests.FirstTest@6f45df59]" started-at="2021-12-12T09:01:48 IST" name="firstTestCase" finished-at="2021-12-12T09:01:48 IST" duration-ms="21" status="PASS">
          <reporter-output>
          </reporter-output>
        </test-method> <!-- firstTestCase -->
      </class> <!-- tests.FirstTest -->
    </test> <!-- Default test -->
  </suite> <!-- Default suite -->
</testng-results>
